<?xml version="1.0" encoding="UTF-8"?>
<!-- Generated by org.testng.reporters.JUnitReportReporter -->
<testsuite skipped="0" hostname="LAPTOP-ET1O3J5B" name="p1.classA" tests="3" failures="0" timestamp="2023-01-05T12:59:36 IST" time="0.000" errors="0">
  <testcase name="tc002" time="0.000" classname="p1.classA"/>
  <system-out>
tc002 executed successfull  </system-out>
  <testcase name="tc003" time="0.000" classname="p1.classA"/>
  <system-out>
tc003 executed successfull  </system-out>
  <testcase name="tc001" time="0.000" classname="p1.classA"/>
  <system-out>
tc001 executed successfull  </system-out>
</testsuite> <!-- p1.classA -->
