<?xml version="1.0" encoding="UTF-8"?>
<!-- Generated by org.testng.reporters.JUnitReportReporter -->
<testsuite skipped="0" hostname="LAPTOP-ET1O3J5B" name="p2.classB" tests="3" failures="0" timestamp="2023-01-05T12:59:36 IST" time="0.000" errors="0">
  <testcase name="tc006" time="0.000" classname="p2.classB"/>
  <system-out>
tc006 executed successfull  </system-out>
  <testcase name="tc005" time="0.000" classname="p2.classB"/>
  <system-out>
tc005 executed successfull  </system-out>
  <testcase name="tc004" time="0.000" classname="p2.classB"/>
  <system-out>
tc004 executed successfull  </system-out>
</testsuite> <!-- p2.classB -->
